ğŸš€ Sandbox Started!
ğŸ“¥ Initializing local SVN repository...
Adding         css
Adding         css/style.css
Adding         src
Adding         src/com
Adding         src/com/example
Adding         src/com/example/Main.java
Adding         webapp
Adding         webapp/index.xhtml
Committing transaction...
Committed revision 1.
   C css
   A css/style.css
   C src
   A src/com
   A src/com/example
   A src/com/example/Main.java
   C webapp
   A webapp/index.xhtml
Checked out revision 1.
ğŸ› ï¸ Applying LLM-suggested changes...
âœ… Changes applied successfully!
âœ… Validating the code...
ğŸ” Validating Java syntax...
âŒ Code validation failed!
 Build failed

ğŸ—ï¸ Compiling and deploying...
ğŸ—ï¸ Running Ant build...
Buildfile: build.xml does not exist!
Build failed
âŒ Build failed!
ğŸ“¤ Committing changes to local SVN...
svn: E155015: Commit failed (details follow):
svn: E155015: Aborting commit: '/sandbox/project/css' remains in conflict
ğŸš€ Sandbox Started!
âœ… SVN repository already initialized
ğŸ› ï¸ Applying LLM-suggested changes...
âœ… Changes applied successfully!
âœ… Validating the code...
ğŸ” Validating Java syntax...
âŒ Code validation failed!
 Build failed

ğŸ—ï¸ Compiling and deploying...
ğŸ—ï¸ Running Ant build...
Buildfile: build.xml does not exist!
Build failed
âŒ Build failed!
ğŸ“¤ Committing changes to local SVN...
svn: E155015: Commit failed (details follow):
svn: E155015: Aborting commit: '/sandbox/project/css' remains in conflict
ğŸ¯ Process Complete!
ğŸš€ Sandbox Started!
âœ… SVN repository already initialized
ğŸ› ï¸ Applying LLM-suggested changes...
âœ… Changes applied successfully!
âœ… Validating the code...
ğŸ” Validating Java syntax...
âœ… Code validation successful!
ğŸ—ï¸ Compiling and deploying...
ğŸ—ï¸ Running Ant build...
Buildfile: /sandbox/project/build.xml

compile:

BUILD SUCCESSFUL
Total time: 0 seconds
ğŸš€ Deploying to WebLogic...
Buildfile: /sandbox/project/build.xml

compile:

deploy:
     [echo] Deployment step - configure as needed

BUILD SUCCESSFUL
Total time: 0 seconds
âœ… Build and deployment completed!
ğŸ“¤ Committing changes to local SVN...
svn: E155015: Commit failed (details follow):
svn: E155015: Aborting commit: '/sandbox/project/css' remains in conflict
ğŸ¯ Process Complete!
ğŸš€ Sandbox Started!
âœ… SVN repository already initialized
ğŸ› ï¸ Applying LLM-suggested changes...
âœ… Changes applied successfully!
âœ… Validating the code...
ğŸ” Validating Java syntax...
âœ… Code validation successful!
ğŸ—ï¸ Compiling and deploying...
ğŸ—ï¸ Running Ant build...
Buildfile: /sandbox/project/build.xml

compile:

BUILD SUCCESSFUL
Total time: 0 seconds
ğŸš€ Deploying to WebLogic...
Buildfile: /sandbox/project/build.xml

compile:

deploy:
     [echo] Deployment step - configure as needed

BUILD SUCCESSFUL
Total time: 0 seconds
âœ… Build and deployment completed!
ğŸ“¤ Committing changes to local SVN...
svn: E155015: Commit failed (details follow):
svn: E155015: Aborting commit: '/sandbox/project/css' remains in conflict
ğŸ¯ Process Complete!
ğŸš€ Sandbox Started!
âœ… SVN repository already initialized
ğŸ› ï¸ Applying LLM-suggested changes...
âœ… Changes applied successfully!
âœ… Validating the code...
ğŸ” Validating Java syntax...
âŒ Code validation failed!
 
BUILD FAILED
/sandbox/project/build.xml:1: Premature end of file.

Total time: 0 seconds

ğŸ—ï¸ Compiling and deploying...
ğŸ—ï¸ Running Ant build...
Buildfile: /sandbox/project/build.xml

BUILD FAILED
/sandbox/project/build.xml:1: Premature end of file.

Total time: 0 seconds
âŒ Build failed!
ğŸ“¤ Committing changes to local SVN...
svn: E155015: Commit failed (details follow):
svn: E155015: Aborting commit: '/sandbox/project/css' remains in conflict
ğŸ¯ Process Complete!
ğŸš€ Sandbox Started!
âœ… SVN repository already initialized
ğŸ› ï¸ Applying LLM-suggested changes...
âœ… Changes applied successfully!
âœ… Validating the code...
ğŸ” Validating Java syntax...
âŒ Code validation failed!
 
BUILD FAILED
/sandbox/project/build.xml:1: Premature end of file.

Total time: 0 seconds

ğŸ—ï¸ Compiling and deploying...
ğŸ—ï¸ Running Ant build...
Buildfile: /sandbox/project/build.xml

BUILD FAILED
/sandbox/project/build.xml:1: Premature end of file.

Total time: 0 seconds
âŒ Build failed!
ğŸ“¤ Committing changes to local SVN...
svn: E155015: Commit failed (details follow):
svn: E155015: Aborting commit: '/sandbox/project/css' remains in conflict
ğŸ¯ Process Complete!
ğŸš€ Sandbox Started!
âœ… SVN repository already initialized
ğŸ› ï¸ Applying LLM-suggested changes...
âœ… Changes applied successfully!
âœ… Validating the code...
ğŸ” Validating Java syntax...
âŒ Code validation failed!
 
BUILD FAILED
/sandbox/project/build.xml:1: Premature end of file.

Total time: 0 seconds

ğŸ—ï¸ Compiling and deploying...
ğŸ—ï¸ Running Ant build...
Buildfile: /sandbox/project/build.xml

BUILD FAILED
/sandbox/project/build.xml:1: Premature end of file.

Total time: 0 seconds
âŒ Build failed!
ğŸ“¤ Committing changes to local SVN...
svn: E155015: Commit failed (details follow):
svn: E155015: Aborting commit: '/sandbox/project/css' remains in conflict
ğŸ¯ Process Complete!
ğŸš€ Sandbox Started!
âœ… SVN repository already initialized
ğŸ› ï¸ Applying LLM-suggested changes...
âœ… Changes applied successfully!
âœ… Validating the code...
ğŸ” Validating Java syntax...
âŒ Code validation failed!
 
BUILD FAILED
/sandbox/project/build.xml:22: /sandbox/project/lib does not exist.

Total time: 0 seconds

ğŸ—ï¸ Compiling and deploying...
ğŸ—ï¸ Running Ant build...
Buildfile: /sandbox/project/build.xml

init:

compile:
    [javac] Compiling 1 source file to /sandbox/project/build/classes

BUILD FAILED
/sandbox/project/build.xml:22: /sandbox/project/lib does not exist.

Total time: 0 seconds
âŒ Build failed!
ğŸ“¤ Committing changes to local SVN...
svn: E155015: Commit failed (details follow):
svn: E155015: Aborting commit: '/sandbox/project/css' remains in conflict
ğŸ¯ Process Complete!
ğŸš€ Sandbox Started!
âœ… SVN repository already initialized
ğŸ› ï¸ Applying LLM-suggested changes...
âœ… Changes applied successfully!
âœ… Validating the code...
ğŸ” Validating Java syntax...
âœ… Code validation successful!
ğŸ—ï¸ Compiling and deploying...
ğŸ—ï¸ Running Ant build...
Buildfile: /sandbox/project/build.xml

init:

compile:

BUILD SUCCESSFUL
Total time: 0 seconds
ğŸš€ Deploying to WebLogic...
Buildfile: /sandbox/project/build.xml

init:

compile:

deploy:
     [echo] Deployment step - configure as needed

BUILD SUCCESSFUL
Total time: 0 seconds
âœ… Build and deployment completed!
ğŸ“¤ Committing changes to local SVN...
svn: E155015: Commit failed (details follow):
svn: E155015: Aborting commit: '/sandbox/project/css' remains in conflict
ğŸ¯ Process Complete!
ğŸš€ Sandbox Started!
âœ… SVN repository already initialized
ğŸ› ï¸ Applying LLM-suggested changes...
âœ… Changes applied successfully!
âœ… Validating the code...
ğŸ” Validating Java syntax...
âœ… Code validation successful!
ğŸ—ï¸ Compiling and deploying...
ğŸ—ï¸ Running Ant build...
Buildfile: /sandbox/project/build.xml

init:

compile:

BUILD SUCCESSFUL
Total time: 0 seconds
ğŸš€ Deploying to WebLogic...
Buildfile: /sandbox/project/build.xml

init:

compile:

deploy:
     [echo] Deployment step - configure as needed

BUILD SUCCESSFUL
Total time: 0 seconds
âœ… Build and deployment completed!
ğŸ“¤ Committing changes to local SVN...
svn: E155015: Commit failed (details follow):
svn: E155015: Aborting commit: '/sandbox/project/css' remains in conflict
ğŸ¯ Process Complete!
ğŸš€ Sandbox Started!
âœ… SVN repository already initialized
ğŸ› ï¸ Applying LLM-suggested changes...
âœ… Changes applied successfully!
âœ… Validating the code...
ğŸ” Validating Java syntax...
âœ… Code validation successful!
ğŸ—ï¸ Compiling and deploying...
ğŸ—ï¸ Running Ant build...
Buildfile: /sandbox/project/build.xml

init:

compile:

BUILD SUCCESSFUL
Total time: 0 seconds
ğŸš€ Deploying to WebLogic...
Buildfile: /sandbox/project/build.xml

init:

compile:

deploy:
     [echo] Deployment step - configure as needed

BUILD SUCCESSFUL
Total time: 0 seconds
âœ… Build and deployment completed!
ğŸ“¤ Committing changes to local SVN...
svn: E155015: Commit failed (details follow):
svn: E155015: Aborting commit: '/sandbox/project/css' remains in conflict
ğŸ¯ Process Complete!
ğŸš€ Sandbox Started!
âœ… SVN repository already initialized
ğŸ”„ Resolving SVN conflicts...
D         build
D         build.xml
Reverted 'webapp'
Reverted 'webapp/index.xhtml'
Reverted 'src'
Reverted 'src/com'
Reverted 'src/com/example'
Reverted 'src/com/example/Main.java'
Reverted 'css'
Reverted 'css/style.css'
Updating '.':
svn: E170013: Unable to connect to a repository at URL 'file:///tmp/svn_repo/project'
svn: E180001: Unable to open repository 'file:///tmp/svn_repo/project'
ğŸ› ï¸ Applying LLM-suggested changes...
âœ… Changes applied successfully!
ğŸ”„ Resolving SVN conflicts...
Reverted 'src/com/example/Main.java'
Reverted 'css/style.css'
Reverted 'webapp/index.xhtml'
Updating '.':
svn: E170013: Unable to connect to a repository at URL 'file:///tmp/svn_repo/project'
svn: E180001: Unable to open repository 'file:///tmp/svn_repo/project'
âœ… Validating the code...
ğŸ” Validating Java syntax...
âŒ Code validation failed!
 Build failed

ğŸ—ï¸ Compiling and deploying...
ğŸ—ï¸ Running Ant build...
Buildfile: build.xml does not exist!
Build failed
âŒ Build failed!
ğŸ“ Adding new files to SVN...
ğŸ”„ Resolving SVN conflicts...
Updating '.':
svn: E170013: Unable to connect to a repository at URL 'file:///tmp/svn_repo/project'
svn: E180001: Unable to open repository 'file:///tmp/svn_repo/project'
ğŸ“¤ Committing changes to local SVN...
ğŸš€ Sandbox Started!
âœ… SVN repository already initialized
ğŸ”„ Resolving SVN conflicts...
Updating '.':
svn: E170013: Unable to connect to a repository at URL 'file:///tmp/svn_repo/project'
svn: E180001: Unable to open repository 'file:///tmp/svn_repo/project'
ğŸ› ï¸ Applying LLM-suggested changes...
âœ… Changes applied successfully!
ğŸ”„ Resolving SVN conflicts...
Reverted 'webapp/index.xhtml'
Reverted 'src/com/example/Main.java'
Reverted 'css/style.css'
Updating '.':
svn: E170013: Unable to connect to a repository at URL 'file:///tmp/svn_repo/project'
svn: E180001: Unable to open repository 'file:///tmp/svn_repo/project'
âœ… Validating the code...
ğŸ” Validating Java syntax...
âŒ Code validation failed!
 Build failed

ğŸ—ï¸ Compiling and deploying...
ğŸ—ï¸ Running Ant build...
Buildfile: build.xml does not exist!
Build failed
âŒ Build failed!
ğŸ“ Adding new files to SVN...
ğŸ”„ Resolving SVN conflicts...
Updating '.':
svn: E170013: Unable to connect to a repository at URL 'file:///tmp/svn_repo/project'
svn: E180001: Unable to open repository 'file:///tmp/svn_repo/project'
ğŸ“¤ Committing changes to local SVN...
ğŸ¯ Process Complete!
ğŸš€ Sandbox Started!
âœ… SVN repository already initialized
ğŸ› ï¸ Applying LLM-suggested changes...
âœ… Changes applied successfully!
âœ… Validating the code...
ğŸ” Validating Java syntax...
âŒ Code validation failed!
 Build failed

ğŸ—ï¸ Compiling and deploying...
ğŸ—ï¸ Running Ant build...
Buildfile: build.xml does not exist!
Build failed
âŒ Build failed!
ğŸ“¤ Committing changes to local SVN...
svn: E170013: Commit failed (details follow):
svn: E170013: Unable to connect to a repository at URL 'file:///tmp/svn_repo/project'
svn: E180001: Unable to open repository 'file:///tmp/svn_repo/project'
ğŸ¯ Process Complete!
ğŸš€ Sandbox Started!
âœ… SVN repository already initialized
ğŸ› ï¸ Applying LLM-suggested changes...
âœ… Changes applied successfully!
âœ… Validating the code...
ğŸ” Validating Java syntax...
âŒ Code validation failed!
 Build failed

ğŸ—ï¸ Compiling and deploying...
ğŸ—ï¸ Running Ant build...
Buildfile: build.xml does not exist!
Build failed
âŒ Build failed!
ğŸ“¤ Committing changes to local SVN...
svn: E170013: Commit failed (details follow):
svn: E170013: Unable to connect to a repository at URL 'file:///tmp/svn_repo/project'
svn: E180001: Unable to open repository 'file:///tmp/svn_repo/project'
ğŸ¯ Process Complete!
ğŸš€ Sandbox Started!
ğŸ› ï¸ Applying LLM-suggested changes...
âœ… Changes applied successfully!
âœ… Validating the code...
ğŸ” Validating Java syntax...
âŒ Code validation failed!
 Build failed

ğŸ“ Creating build.xml...
ğŸ—ï¸ Compiling and deploying...
ğŸ—ï¸ Running Ant build...
Buildfile: /sandbox/project/build.xml

init:
    [mkdir] Created dir: /sandbox/project/build
    [mkdir] Created dir: /sandbox/project/build/classes

compile:
    [javac] Compiling 1 source file to /sandbox/project/build/classes

BUILD SUCCESSFUL
Total time: 0 seconds
ğŸš€ Deploying to WebLogic...
Buildfile: /sandbox/project/build.xml

init:

compile:

deploy:
     [echo] Deployment step - configure as needed

BUILD SUCCESSFUL
Total time: 0 seconds
âœ… Build and deployment completed!
ğŸ¯ Process Complete!
ğŸš€ Sandbox Started!
ğŸ› ï¸ Applying LLM-suggested changes...
âœ… Changes applied successfully!
âœ… Validating the code...
ğŸ” Validating Java syntax...
âœ… Code validation successful!
ğŸ—ï¸ Compiling and deploying...
ğŸ—ï¸ Running Ant build...
Buildfile: /sandbox/project/build.xml

init:

compile:

BUILD SUCCESSFUL
Total time: 0 seconds
ğŸš€ Deploying to WebLogic...
Buildfile: /sandbox/project/build.xml

init:

compile:

deploy:
     [echo] Deployment step - configure as needed

BUILD SUCCESSFUL
Total time: 0 seconds
âœ… Build and deployment completed!
ğŸ¯ Process Complete!
ğŸš€ Sandbox Started!
ğŸ› ï¸ Applying LLM-suggested changes...
âœ… Changes applied successfully!
âœ… Validating the code...
ğŸ” Validating modified files...
Checking /sandbox/project/src/com/example/Main.java...
Checking /sandbox/project/webapp/index.xhtml...
âŒ Validation failed for /sandbox/project/webapp/index.xhtml: mismatched tag: line 3, column 44
Checking /sandbox/project/css/style.css...
âŒ Code validation failed!
ğŸ—ï¸ Compiling and deploying...
ğŸ—ï¸ Running Ant build...
Buildfile: /sandbox/project/build.xml

init:

compile:
    [javac] Compiling 1 source file to /sandbox/project/build/classes

BUILD SUCCESSFUL
Total time: 0 seconds
ğŸš€ Deploying to WebLogic...
Buildfile: /sandbox/project/build.xml

init:

compile:

deploy:
     [echo] Deployment step - configure as needed

BUILD SUCCESSFUL
Total time: 0 seconds
âœ… Build and deployment completed!
ğŸ¯ Process Complete!
ğŸš€ Sandbox Started!
ğŸ› ï¸ Applying LLM-suggested changes...
âœ… Changes applied successfully!
âœ… Validating the code...
ğŸ” Validating modified files...
Checking /sandbox/project/src/com/example/Main.java...
Checking /sandbox/project/webapp/index.xhtml...
âŒ Validation failed for /sandbox/project/webapp/index.xhtml: no element found: line 4, column 0
Checking /sandbox/project/css/style.css...
âŒ Code validation failed!
ğŸ—ï¸ Compiling and deploying...
ğŸ—ï¸ Running Ant build...
Buildfile: /sandbox/project/build.xml

init:

compile:
    [javac] Compiling 1 source file to /sandbox/project/build/classes

BUILD SUCCESSFUL
Total time: 0 seconds
ğŸš€ Deploying to WebLogic...
Buildfile: /sandbox/project/build.xml

init:

compile:

deploy:
     [echo] Deployment step - configure as needed

BUILD SUCCESSFUL
Total time: 0 seconds
âœ… Build and deployment completed!
ğŸ¯ Process Complete!
ğŸš€ Sandbox Started!
ğŸ› ï¸ Applying LLM-suggested changes...
âœ… Changes applied successfully!
âœ… Validating the code...
ğŸ” Validating modified files...
Checking /sandbox/project/src/com/example/Main.java...
Checking /sandbox/project/webapp/index.xhtml...
âŒ Validation failed for /sandbox/project/webapp/index.xhtml: no element found: line 4, column 0
Checking /sandbox/project/css/style.css...
âŒ Code validation failed!
ğŸ—ï¸ Compiling and deploying...
ğŸ—ï¸ Running Ant build...
Buildfile: /sandbox/project/build.xml

init:

compile:
    [javac] Compiling 1 source file to /sandbox/project/build/classes

BUILD SUCCESSFUL
Total time: 0 seconds
ğŸš€ Deploying to WebLogic...
Buildfile: /sandbox/project/build.xml

init:

compile:

deploy:
     [echo] Deployment step - configure as needed

BUILD SUCCESSFUL
Total time: 0 seconds
âœ… Build and deployment completed!
ğŸ¯ Process Complete!
ğŸš€ Sandbox Started!
ğŸ› ï¸ Applying LLM-suggested changes...
âœ… Changes applied successfully!
âœ… Validating the code...
ğŸ” Validating modified files...
Checking /sandbox/project/src/com/example/Main.java...
Checking /sandbox/project/webapp/index.xhtml...
âŒ Validation failed for /sandbox/project/webapp/index.xhtml: no element found: line 5, column 0
Checking /sandbox/project/css/style.css...
âŒ Code validation failed!
ğŸ—ï¸ Compiling and deploying...
ğŸ—ï¸ Running Ant build...
Buildfile: /sandbox/project/build.xml

init:

compile:
    [javac] Compiling 1 source file to /sandbox/project/build/classes

BUILD SUCCESSFUL
Total time: 0 seconds
ğŸš€ Deploying to WebLogic...
Buildfile: /sandbox/project/build.xml

init:

compile:

deploy:
     [echo] Deployment step - configure as needed

BUILD SUCCESSFUL
Total time: 0 seconds
âœ… Build and deployment completed!
ğŸ¯ Process Complete!
ğŸš€ Sandbox Started!
ğŸ› ï¸ Applying LLM-suggested changes...
âœ… Changes applied successfully!
âœ… Validating the code...
ğŸ” Validating modified files...
Checking /sandbox/project/src/com/example/Main.java...
Checking /sandbox/project/webapp/index.xhtml...
âŒ Validation failed for /sandbox/project/webapp/index.xhtml: no element found: line 5, column 0
Checking /sandbox/project/css/style.css...
âŒ Code validation failed!
ğŸ—ï¸ Compiling and deploying...
ğŸ—ï¸ Running Ant build...
Buildfile: /sandbox/project/build.xml

init:

compile:
    [javac] Compiling 1 source file to /sandbox/project/build/classes

BUILD SUCCESSFUL
Total time: 0 seconds
ğŸš€ Deploying to WebLogic...
Buildfile: /sandbox/project/build.xml

init:

compile:

deploy:
     [echo] Deployment step - configure as needed

BUILD SUCCESSFUL
Total time: 0 seconds
âœ… Build and deployment completed!
ğŸ¯ Process Complete!
ğŸš€ Sandbox Started!
ğŸ› ï¸ Applying LLM-suggested changes...
âœ… Changes applied successfully!
âœ… Validating the code...
ğŸ” Validating modified files...
Checking /sandbox/project/src/com/example/Main.java...
Checking /sandbox/project/webapp/index.xhtml...
âŒ Validation failed for /sandbox/project/webapp/index.xhtml: no element found: line 5, column 0
Checking /sandbox/project/css/style.css...
âŒ Code validation failed!
ğŸ—ï¸ Compiling and deploying...
ğŸ—ï¸ Running Ant build...
Buildfile: /sandbox/project/build.xml

init:

compile:
    [javac] Compiling 1 source file to /sandbox/project/build/classes

BUILD SUCCESSFUL
Total time: 0 seconds
ğŸš€ Deploying to WebLogic...
Buildfile: /sandbox/project/build.xml

init:

compile:

deploy:
     [echo] Deployment step - configure as needed

BUILD SUCCESSFUL
Total time: 0 seconds
âœ… Build and deployment completed!
ğŸ¯ Process Complete!
ğŸš€ Sandbox Started!
ğŸ› ï¸ Applying LLM-suggested changes...
Applying changes to /sandbox/project/src/com/example/Main.java...
Applying changes to /sandbox/project/webapp/index.xhtml...
Applying changes to /sandbox/project/css/style.css...
âœ… Changes applied successfully!
âœ… Validating the code...
ğŸ” Validating modified files...
Checking /sandbox/project/src/com/example/Main.java...
Checking /sandbox/project/webapp/index.xhtml...
âŒ Validation failed for /sandbox/project/webapp/index.xhtml: no element found: line 5, column 0
Checking /sandbox/project/css/style.css...
âŒ Code validation failed!
ğŸ—ï¸ Compiling and deploying...
ğŸ—ï¸ Running Ant build...
Buildfile: /sandbox/project/build.xml

init:

compile:
    [javac] Compiling 1 source file to /sandbox/project/build/classes

BUILD SUCCESSFUL
Total time: 0 seconds
ğŸš€ Deploying to WebLogic...
Buildfile: /sandbox/project/build.xml

init:

compile:

deploy:
     [echo] Deployment step - configure as needed

BUILD SUCCESSFUL
Total time: 0 seconds
âœ… Build and deployment completed!
ğŸ¯ Process Complete!
ğŸš€ Sandbox Started!
ğŸ› ï¸ Applying LLM-suggested changes...
Applying changes to /sandbox/project/src/com/example/Main.java...
Applying changes to /sandbox/project/webapp/index.xhtml...
Applying changes to /sandbox/project/css/style.css...
âœ… Changes applied successfully!
âœ… Validating the code...
ğŸ” Validating modified files...
Checking /sandbox/project/src/com/example/Main.java...
Checking /sandbox/project/webapp/index.xhtml...
âŒ Validation failed for /sandbox/project/webapp/index.xhtml: no element found: line 5, column 0
Checking /sandbox/project/css/style.css...
âŒ Code validation failed!
ğŸ—ï¸ Compiling and deploying...
ğŸ—ï¸ Running Ant build...
Buildfile: /sandbox/project/build.xml

init:

compile:
    [javac] Compiling 1 source file to /sandbox/project/build/classes

BUILD SUCCESSFUL
Total time: 0 seconds
ğŸš€ Deploying to WebLogic...
Buildfile: /sandbox/project/build.xml

init:

compile:

deploy:
     [echo] Deployment step - configure as needed

BUILD SUCCESSFUL
Total time: 0 seconds
âœ… Build and deployment completed!
ğŸ¯ Process Complete!
ğŸš€ Sandbox Started!
ğŸ› ï¸ Applying LLM-suggested changes...
Applying changes to /sandbox/project/src/com/example/Main.java...
Applying changes to /sandbox/project/webapp/index.xhtml...
Applying changes to /sandbox/project/css/style.css...
âœ… Changes applied successfully!
âœ… Validating the code...
ğŸ” Validating modified files...
Checking /sandbox/project/src/com/example/Main.java...
Checking /sandbox/project/webapp/index.xhtml...
âŒ Validation failed for /sandbox/project/webapp/index.xhtml: no element found: line 5, column 0
Checking /sandbox/project/css/style.css...
âŒ Code validation failed!
ğŸ—ï¸ Compiling and deploying...
ğŸ—ï¸ Running Ant build...
Buildfile: /sandbox/project/build.xml

init:

compile:
    [javac] Compiling 1 source file to /sandbox/project/build/classes

BUILD SUCCESSFUL
Total time: 0 seconds
ğŸš€ Deploying to WebLogic...
Buildfile: /sandbox/project/build.xml

init:

compile:

deploy:
     [echo] Deployment step - configure as needed

BUILD SUCCESSFUL
Total time: 0 seconds
âœ… Build and deployment completed!
ğŸ¯ Process Complete!
ğŸš€ Sandbox Started!
ğŸ› ï¸ Applying LLM-suggested changes...
Applying changes to /sandbox/project/src/com/example/Main.java...
Applying changes to /sandbox/project/webapp/index.xhtml...
Applying changes to /sandbox/project/css/style.css...
âœ… Changes applied successfully!
âœ… Validating the code...
ğŸ” Validating modified files...
Checking /sandbox/project/src/com/example/Main.java...
Checking /sandbox/project/webapp/index.xhtml...
âŒ Validation failed for /sandbox/project/webapp/index.xhtml: no element found: line 5, column 0
Checking /sandbox/project/css/style.css...
âŒ Code validation failed!
ğŸ—ï¸ Compiling and deploying...
ğŸ—ï¸ Running Ant build...
Buildfile: /sandbox/project/build.xml

init:

compile:
    [javac] Compiling 1 source file to /sandbox/project/build/classes

BUILD SUCCESSFUL
Total time: 0 seconds
ğŸš€ Deploying to WebLogic...
Buildfile: /sandbox/project/build.xml

init:

compile:

deploy:
     [echo] Deployment step - configure as needed

BUILD SUCCESSFUL
Total time: 0 seconds
âœ… Build and deployment completed!
ğŸ¯ Process Complete!
ğŸš€ Sandbox Started!
ğŸ› ï¸ Applying LLM-suggested changes...
Applying changes to /sandbox/project/src/com/example/Main.java...
Applying changes to /sandbox/project/webapp/index.xhtml...
Applying changes to /sandbox/project/css/style.css...
âœ… Changes applied successfully!
âœ… Validating the code...
ğŸ” Validating modified files...
Checking /sandbox/project/src/com/example/Main.java...
Checking /sandbox/project/webapp/index.xhtml...
âŒ Validation failed for /sandbox/project/webapp/index.xhtml: no element found: line 5, column 0
Checking /sandbox/project/css/style.css...
âŒ Code validation failed!
ğŸ—ï¸ Compiling and deploying...
ğŸ—ï¸ Running Ant build...
Buildfile: /sandbox/project/build.xml

init:

compile:
    [javac] Compiling 1 source file to /sandbox/project/build/classes

BUILD SUCCESSFUL
Total time: 0 seconds
ğŸš€ Deploying to WebLogic...
Buildfile: /sandbox/project/build.xml

init:

compile:

deploy:
     [echo] Deployment step - configure as needed

BUILD SUCCESSFUL
Total time: 0 seconds
âœ… Build and deployment completed!
ğŸ¯ Process Complete!
ğŸš€ Sandbox Started!
ğŸ› ï¸ Applying LLM-suggested changes...
Applying changes to /sandbox/project/src/com/example/Main.java...
Applying changes to /sandbox/project/webapp/index.xhtml...
Applying changes to /sandbox/project/css/style.css...
âœ… Changes applied successfully!
âœ… Validating the code...
ğŸ” Validating modified files...
Checking /sandbox/project/src/com/example/Main.java...
Checking /sandbox/project/webapp/index.xhtml...
âŒ Validation failed for /sandbox/project/webapp/index.xhtml: no element found: line 6, column 0
Checking /sandbox/project/css/style.css...
âŒ Code validation failed!
ğŸ—ï¸ Compiling and deploying...
ğŸ—ï¸ Running Ant build...
Buildfile: /sandbox/project/build.xml

init:

compile:
    [javac] Compiling 1 source file to /sandbox/project/build/classes

BUILD SUCCESSFUL
Total time: 0 seconds
ğŸš€ Deploying to WebLogic...
Buildfile: /sandbox/project/build.xml

init:

compile:

deploy:
     [echo] Deployment step - configure as needed

BUILD SUCCESSFUL
Total time: 0 seconds
âœ… Build and deployment completed!
ğŸ¯ Process Complete!
ğŸš€ Sandbox Started!
ğŸ› ï¸ Applying LLM-suggested changes...
Applying changes to /sandbox/project/src/com/example/Main.java...
Applying changes to /sandbox/project/webapp/index.xhtml...
Applying changes to /sandbox/project/css/style.css...
âœ… Changes applied successfully!
âœ… Validating the code...
ğŸ” Validating modified files...
Checking /sandbox/project/src/com/example/Main.java...
Checking /sandbox/project/webapp/index.xhtml...
âŒ Validation failed for /sandbox/project/webapp/index.xhtml: no element found: line 6, column 0
Checking /sandbox/project/css/style.css...
âŒ Code validation failed!
ğŸ—ï¸ Compiling and deploying...
ğŸ—ï¸ Running Ant build...
Buildfile: /sandbox/project/build.xml

init:

compile:
    [javac] Compiling 1 source file to /sandbox/project/build/classes

BUILD SUCCESSFUL
Total time: 0 seconds
ğŸš€ Deploying to WebLogic...
Buildfile: /sandbox/project/build.xml

init:

compile:

deploy:
     [echo] Deployment step - configure as needed

BUILD SUCCESSFUL
Total time: 0 seconds
âœ… Build and deployment completed!
ğŸ¯ Process Complete!
ğŸš€ Sandbox Started!
ğŸ› ï¸ Applying LLM-suggested changes...
Applying changes to /sandbox/project/src/com/example/Main.java...
Applying changes to /sandbox/project/webapp/index.xhtml...
Applying changes to /sandbox/project/css/style.css...
âœ… Changes applied successfully!
âœ… Validating the code...
ğŸ” Validating modified files...
Checking /sandbox/project/src/com/example/Main.java...
Checking /sandbox/project/webapp/index.xhtml...
Checking /sandbox/project/css/style.css...
ğŸ” Running full build validation...
âœ… Code validation successful!
ğŸ—ï¸ Compiling and deploying...
ğŸ—ï¸ Running Ant build...
Buildfile: /sandbox/project/build.xml

init:

compile:

BUILD SUCCESSFUL
Total time: 0 seconds
ğŸš€ Deploying to WebLogic...
Buildfile: /sandbox/project/build.xml

init:

compile:

deploy:
     [echo] Deployment step - configure as needed

BUILD SUCCESSFUL
Total time: 0 seconds
âœ… Build and deployment completed!
